Arguments: 
  I:\programs\nodejs\node.exe C:\Program Files (x86)\Yarn\bin\yarn.js watch

PATH: 
  I:\programs\ConEmu\ConEmu\Scripts;I:\programs\ConEmu;I:\programs\ConEmu\ConEmu;C:\Program Files\Oculus\Support\oculus-runtime;C:\ProgramData\Oracle\Java\javapath;C:\Program Files (x86)\Razer Chroma SDK\bin;C:\Program Files\Razer Chroma SDK\bin;C:\WINDOWS\system32;C:\WINDOWS;C:\WINDOWS\System32\Wbem;C:\WINDOWS\System32\WindowsPowerShell\v1.0\;C:\WINDOWS\system32\config\systemprofile\AppData\Local\Microsoft\WindowsApps;C:\Program Files (x86)\Skype\Phone\;C:\Program Files (x86)\NVIDIA Corporation\PhysX\Common;C:\Program Files (x86)\GtkSharp\2.12\bin;C:\WINDOWS\system32;C:\WINDOWS;C:\WINDOWS\System32\Wbem;C:\WINDOWS\System32\WindowsPowerShell\v1.0\;C:\WINDOWS\System32\OpenSSH\;C:\Program Files\Git\cmd;E:\Programs\TortoiseHg\;C:\Program Files\dotnet\;C:\Program Files (x86)\Microsoft Emulator Manager\1.0\;C:\Program Files (x86)\Yarn\bin\;I:\programs\nodejs\;C:\Users\Tar van Krieken\AppData\Local\Microsoft\WindowsApps;C:\Users\Tar van Krieken\AppData\Local\GitHubDesktop\bin;C:\Users\Tar van Krieken\AppData\Local\atom\bin;I:\programs\visual studio\Microsoft VS Code\bin;C:\Users\Tar van Krieken\AppData\Local\Yarn\bin;C:\Users\Tar van Krieken\AppData\Roaming\npm;%USERPROFILE%\AppData\Local\Microsoft\WindowsApps;

Yarn version: 
  1.13.0

Node version: 
  12.1.0

Platform: 
  win32 x64

Trace: 
  SyntaxError: I:\projects\Github\Adjust\package.json: Unexpected token } in JSON at position 390
      at JSON.parse (<anonymous>)
      at C:\Program Files (x86)\Yarn\lib\cli.js:1625:59
      at Generator.next (<anonymous>)
      at step (C:\Program Files (x86)\Yarn\lib\cli.js:304:30)
      at C:\Program Files (x86)\Yarn\lib\cli.js:315:13

npm manifest: 
  {
      "name": "@adjust/core",
      "version": "0.0.1",
      "description": "A framework for creating highly customisable open source software",
      "main": "dist/index.js",
      "scripts": {
          "unit-test": "jest",
          "unit-test-watch": "jest --watch",
          "unit-test-watch-debug": "node --inspect-brk ../../node_modules/jest/bin/jest.js --runInBand --watch --config=\"jest.config.js\"",
          "watch": "concurrently \"tsc -w\"  \"cpx \\\"src/**/*.{html,png,jpg,json}\\\" \\\"dist\\\" --watch --verbose\" \"ts-cleaner --watch\" \"node dev/aggregateTypes\"",
          "clean": "rimraf dist/*"
      },
      "files": [
          "dist/**/*"
      ],
      "repository": {
          "type": "git",
          "url": "git+https://github.com/LaunchMenu/Adjust.git"
      },
      "keywords": [
          "Custom",
          "Adjust"
      ],
      "author": "Sancarn, Tar van Krieken",
      "license": "MIT",
      "bugs": {
          "url": "https://github.com/LaunchMenu/Adjust/issues"
      },
      "homepage": "https://github.com/LaunchMenu/Adjust#readme",
      "peerDependencies": {
          "electron": "^5.0.1",
          "react": "^16.8.6",
          "react-dom": "^16.8.6"
      },
      "dependencies": {
          "cross-env": "^5.2.0"
      },
      "devDependencies": {
          "@jest-runner/electron": "^1.1.1",
          "@types/jest": "^23.3.14",
          "@types/react": "^16.8.17",
          "@types/react-dom": "^16.8.4",
          "@types/reflect-metadata": "^0.1.0",
          "concurrently": "^4.1.0",
          "cpx": "^1.5.0",
          "fs-extra-cli": "0.0.4",
          "jest": "^24.8.0",
          "madge": "^3.4.4",
          "npx": "^10.2.0",
          "rimraf": "^2.6.3",
          "rmdir-cli": "^2.0.6",
          "source-map-support": "^0.5.12",
          "ts-cleaner": "^1.0.1",
          "typescript": "^3.4.5"
      }
  }

yarn manifest: 
  No manifest

Lockfile: 
  No lockfile
